may 20, 2019 8:55:59 PM turnoJefe logJefe
INFORMACIÓN: Daño causado por el JEFE: 4 

may 20, 2019 8:55:59 PM turnoJefe logJefe
INFORMACIÓN: El JUGADOR tiene: 1 de vida 

may 20, 2019 8:55:59 PM turnoJugador logJugador
INFORMACIÓN: Daño causado por el JUGADOR: 3
may 20, 2019 8:55:59 PM turnoJugador logJugador
INFORMACIÓN:  El JEFE Frikón Ululante tiene: 1 de vida

may 20, 2019 8:56:12 PM turnoJefe logJefe
INFORMACIÓN: Daño causado por el JEFE: 1 

may 20, 2019 8:56:12 PM turnoJefe logJefe
INFORMACIÓN: El JUGADOR tiene: 0 de vida 

may 20, 2019 8:56:12 PM turnoJefe logJefe
INFORMACIÓN: HAS MUERTO 
may 20, 2019 8:56:12 PM turnoJugador logJugador
INFORMACIÓN: Daño causado por el JUGADOR: 2
may 20, 2019 8:56:12 PM turnoJugador logJugador
INFORMACIÓN:  JEFES muertos: Frikón Ululante

may 20, 2019 8:56:12 PM turnoJugador logJugador
INFORMACIÓN:  El siguiente JEFE: Stefan tiene: 3 de vida

